<?xml version="1.0" encoding="UTF-8"?>
<testng-results ignored="0" total="1" passed="1" failed="0" skipped="0">
  <reporter-output>
  </reporter-output>
  <suite started-at="2022-01-26T15:29:25Z" name="Default suite" finished-at="2022-01-26T15:29:28Z" duration-ms="3027">
    <groups>
    </groups>
    <test started-at="2022-01-26T15:29:25Z" name="Default test" finished-at="2022-01-26T15:29:28Z" duration-ms="3027">
      <class name="schemaValidator.CheckSchemaMatches">
        <test-method signature="checkSchemaMatches()[pri:0, instance:schemaValidator.CheckSchemaMatches@50dfbc58]" started-at="2022-01-26T15:29:25Z" name="checkSchemaMatches" finished-at="2022-01-26T15:29:28Z" duration-ms="3007" status="PASS">
          <reporter-output>
          </reporter-output>
        </test-method> <!-- checkSchemaMatches -->
      </class> <!-- schemaValidator.CheckSchemaMatches -->
    </test> <!-- Default test -->
  </suite> <!-- Default suite -->
</testng-results>
